running egg_info
creating ../../build/GOAT/GOAT.egg-info
writing ../../build/GOAT/GOAT.egg-info/PKG-INFO
writing dependency_links to ../../build/GOAT/GOAT.egg-info/dependency_links.txt
writing entry points to ../../build/GOAT/GOAT.egg-info/entry_points.txt
writing requirements to ../../build/GOAT/GOAT.egg-info/requires.txt
writing top-level names to ../../build/GOAT/GOAT.egg-info/top_level.txt
writing manifest file '../../build/GOAT/GOAT.egg-info/SOURCES.txt'
reading manifest file '../../build/GOAT/GOAT.egg-info/SOURCES.txt'
writing manifest file '../../build/GOAT/GOAT.egg-info/SOURCES.txt'
running build
running build_py
creating /home/grape4314/isaac_ros2/build/GOAT/build
creating /home/grape4314/isaac_ros2/build/GOAT/build/lib
creating /home/grape4314/isaac_ros2/build/GOAT/build/lib/GOAT
copying GOAT/test_topic_io.py -> /home/grape4314/isaac_ros2/build/GOAT/build/lib/GOAT
copying GOAT/__init__.py -> /home/grape4314/isaac_ros2/build/GOAT/build/lib/GOAT
running install
running install_lib
creating /home/grape4314/isaac_ros2/install/GOAT/lib/python3.10/site-packages/GOAT
copying /home/grape4314/isaac_ros2/build/GOAT/build/lib/GOAT/test_topic_io.py -> /home/grape4314/isaac_ros2/install/GOAT/lib/python3.10/site-packages/GOAT
copying /home/grape4314/isaac_ros2/build/GOAT/build/lib/GOAT/__init__.py -> /home/grape4314/isaac_ros2/install/GOAT/lib/python3.10/site-packages/GOAT
byte-compiling /home/grape4314/isaac_ros2/install/GOAT/lib/python3.10/site-packages/GOAT/test_topic_io.py to test_topic_io.cpython-310.pyc
byte-compiling /home/grape4314/isaac_ros2/install/GOAT/lib/python3.10/site-packages/GOAT/__init__.py to __init__.cpython-310.pyc
running install_data
creating /home/grape4314/isaac_ros2/install/GOAT/share/ament_index
creating /home/grape4314/isaac_ros2/install/GOAT/share/ament_index/resource_index
creating /home/grape4314/isaac_ros2/install/GOAT/share/ament_index/resource_index/packages
copying resource/GOAT -> /home/grape4314/isaac_ros2/install/GOAT/share/ament_index/resource_index/packages
copying package.xml -> /home/grape4314/isaac_ros2/install/GOAT/share/GOAT
running install_egg_info
Copying ../../build/GOAT/GOAT.egg-info to /home/grape4314/isaac_ros2/install/GOAT/lib/python3.10/site-packages/GOAT-0.0.0-py3.10.egg-info
running install_scripts
Installing test_topic_io script to /home/grape4314/isaac_ros2/install/GOAT/lib/GOAT
writing list of installed files to '/home/grape4314/isaac_ros2/build/GOAT/install.log'
