[0.675s] Invoking command in '/home/grape4314/isaac_ros2/src/GOAT': PYTHONPATH=/home/grape4314/isaac_ros2/build/GOAT/prefix_override:/usr/lib/python3/dist-packages/colcon_core/task/python/colcon_distutils_commands:/home/grape4314/isaac_ros2/install/GOAT/lib/python3.10/site-packages:${PYTHONPATH} /usr/bin/python3 -W ignore:setup.py install is deprecated -W ignore:easy_install command is deprecated setup.py egg_info --egg-base ../../build/GOAT build --build-base /home/grape4314/isaac_ros2/build/GOAT/build install --record /home/grape4314/isaac_ros2/build/GOAT/install.log --single-version-externally-managed install_data
[0.842s] running egg_info
[0.843s] creating ../../build/GOAT/GOAT.egg-info
[0.843s] writing ../../build/GOAT/GOAT.egg-info/PKG-INFO
[0.844s] writing dependency_links to ../../build/GOAT/GOAT.egg-info/dependency_links.txt
[0.844s] writing entry points to ../../build/GOAT/GOAT.egg-info/entry_points.txt
[0.844s] writing requirements to ../../build/GOAT/GOAT.egg-info/requires.txt
[0.844s] writing top-level names to ../../build/GOAT/GOAT.egg-info/top_level.txt
[0.845s] writing manifest file '../../build/GOAT/GOAT.egg-info/SOURCES.txt'
[0.846s] reading manifest file '../../build/GOAT/GOAT.egg-info/SOURCES.txt'
[0.846s] writing manifest file '../../build/GOAT/GOAT.egg-info/SOURCES.txt'
[0.846s] running build
[0.847s] running build_py
[0.847s] creating /home/grape4314/isaac_ros2/build/GOAT/build
[0.847s] creating /home/grape4314/isaac_ros2/build/GOAT/build/lib
[0.847s] creating /home/grape4314/isaac_ros2/build/GOAT/build/lib/GOAT
[0.848s] copying GOAT/test_topic_io.py -> /home/grape4314/isaac_ros2/build/GOAT/build/lib/GOAT
[0.848s] copying GOAT/__init__.py -> /home/grape4314/isaac_ros2/build/GOAT/build/lib/GOAT
[0.848s] running install
[0.849s] running install_lib
[0.849s] creating /home/grape4314/isaac_ros2/install/GOAT/lib/python3.10/site-packages/GOAT
[0.849s] copying /home/grape4314/isaac_ros2/build/GOAT/build/lib/GOAT/test_topic_io.py -> /home/grape4314/isaac_ros2/install/GOAT/lib/python3.10/site-packages/GOAT
[0.850s] copying /home/grape4314/isaac_ros2/build/GOAT/build/lib/GOAT/__init__.py -> /home/grape4314/isaac_ros2/install/GOAT/lib/python3.10/site-packages/GOAT
[0.850s] byte-compiling /home/grape4314/isaac_ros2/install/GOAT/lib/python3.10/site-packages/GOAT/test_topic_io.py to test_topic_io.cpython-310.pyc
[0.852s] byte-compiling /home/grape4314/isaac_ros2/install/GOAT/lib/python3.10/site-packages/GOAT/__init__.py to __init__.cpython-310.pyc
[0.852s] running install_data
[0.852s] creating /home/grape4314/isaac_ros2/install/GOAT/share/ament_index
[0.852s] creating /home/grape4314/isaac_ros2/install/GOAT/share/ament_index/resource_index
[0.853s] creating /home/grape4314/isaac_ros2/install/GOAT/share/ament_index/resource_index/packages
[0.853s] copying resource/GOAT -> /home/grape4314/isaac_ros2/install/GOAT/share/ament_index/resource_index/packages
[0.854s] copying package.xml -> /home/grape4314/isaac_ros2/install/GOAT/share/GOAT
[0.854s] running install_egg_info
[0.855s] Copying ../../build/GOAT/GOAT.egg-info to /home/grape4314/isaac_ros2/install/GOAT/lib/python3.10/site-packages/GOAT-0.0.0-py3.10.egg-info
[0.857s] running install_scripts
[0.871s] Installing test_topic_io script to /home/grape4314/isaac_ros2/install/GOAT/lib/GOAT
[0.872s] writing list of installed files to '/home/grape4314/isaac_ros2/build/GOAT/install.log'
[0.888s] Invoked command in '/home/grape4314/isaac_ros2/src/GOAT' returned '0': PYTHONPATH=/home/grape4314/isaac_ros2/build/GOAT/prefix_override:/usr/lib/python3/dist-packages/colcon_core/task/python/colcon_distutils_commands:/home/grape4314/isaac_ros2/install/GOAT/lib/python3.10/site-packages:${PYTHONPATH} /usr/bin/python3 -W ignore:setup.py install is deprecated -W ignore:easy_install command is deprecated setup.py egg_info --egg-base ../../build/GOAT build --build-base /home/grape4314/isaac_ros2/build/GOAT/build install --record /home/grape4314/isaac_ros2/build/GOAT/install.log --single-version-externally-managed install_data
