running egg_info
creating ../../build/goat/goat.egg-info
writing ../../build/goat/goat.egg-info/PKG-INFO
writing dependency_links to ../../build/goat/goat.egg-info/dependency_links.txt
writing entry points to ../../build/goat/goat.egg-info/entry_points.txt
writing requirements to ../../build/goat/goat.egg-info/requires.txt
writing top-level names to ../../build/goat/goat.egg-info/top_level.txt
writing manifest file '../../build/goat/goat.egg-info/SOURCES.txt'
reading manifest file '../../build/goat/goat.egg-info/SOURCES.txt'
writing manifest file '../../build/goat/goat.egg-info/SOURCES.txt'
running build
running build_py
creating /home/grape4314/isaac_ros2/build/goat/build
creating /home/grape4314/isaac_ros2/build/goat/build/lib
creating /home/grape4314/isaac_ros2/build/goat/build/lib/goat
copying goat/test_topic_io.py -> /home/grape4314/isaac_ros2/build/goat/build/lib/goat
copying goat/__init__.py -> /home/grape4314/isaac_ros2/build/goat/build/lib/goat
running install
running install_lib
creating /home/grape4314/isaac_ros2/install/goat/lib/python3.10/site-packages/goat
copying /home/grape4314/isaac_ros2/build/goat/build/lib/goat/test_topic_io.py -> /home/grape4314/isaac_ros2/install/goat/lib/python3.10/site-packages/goat
copying /home/grape4314/isaac_ros2/build/goat/build/lib/goat/__init__.py -> /home/grape4314/isaac_ros2/install/goat/lib/python3.10/site-packages/goat
byte-compiling /home/grape4314/isaac_ros2/install/goat/lib/python3.10/site-packages/goat/test_topic_io.py to test_topic_io.cpython-310.pyc
byte-compiling /home/grape4314/isaac_ros2/install/goat/lib/python3.10/site-packages/goat/__init__.py to __init__.cpython-310.pyc
running install_data
creating /home/grape4314/isaac_ros2/install/goat/share/ament_index
creating /home/grape4314/isaac_ros2/install/goat/share/ament_index/resource_index
creating /home/grape4314/isaac_ros2/install/goat/share/ament_index/resource_index/packages
