[0.454s] Invoking command in '/home/grape4314/isaac_ros2/src/goat': PYTHONPATH=/home/grape4314/isaac_ros2/build/goat/prefix_override:/usr/lib/python3/dist-packages/colcon_core/task/python/colcon_distutils_commands:/home/grape4314/isaac_ros2/install/goat/lib/python3.10/site-packages:${PYTHONPATH} /usr/bin/python3 -W ignore:setup.py install is deprecated -W ignore:easy_install command is deprecated setup.py egg_info --egg-base ../../build/goat build --build-base /home/grape4314/isaac_ros2/build/goat/build install --record /home/grape4314/isaac_ros2/build/goat/install.log --single-version-externally-managed install_data
[0.618s] running egg_info
[0.619s] creating ../../build/goat/goat.egg-info
[0.619s] writing ../../build/goat/goat.egg-info/PKG-INFO
[0.621s] writing dependency_links to ../../build/goat/goat.egg-info/dependency_links.txt
[0.622s] writing entry points to ../../build/goat/goat.egg-info/entry_points.txt
[0.622s] writing requirements to ../../build/goat/goat.egg-info/requires.txt
[0.622s] writing top-level names to ../../build/goat/goat.egg-info/top_level.txt
[0.622s] writing manifest file '../../build/goat/goat.egg-info/SOURCES.txt'
[0.623s] reading manifest file '../../build/goat/goat.egg-info/SOURCES.txt'
[0.624s] writing manifest file '../../build/goat/goat.egg-info/SOURCES.txt'
[0.624s] running build
[0.624s] running build_py
[0.624s] creating /home/grape4314/isaac_ros2/build/goat/build
[0.624s] creating /home/grape4314/isaac_ros2/build/goat/build/lib
[0.625s] creating /home/grape4314/isaac_ros2/build/goat/build/lib/goat
[0.625s] copying goat/test_topic_io.py -> /home/grape4314/isaac_ros2/build/goat/build/lib/goat
[0.625s] copying goat/__init__.py -> /home/grape4314/isaac_ros2/build/goat/build/lib/goat
[0.626s] running install
[0.626s] running install_lib
[0.626s] creating /home/grape4314/isaac_ros2/install/goat/lib/python3.10/site-packages/goat
[0.627s] copying /home/grape4314/isaac_ros2/build/goat/build/lib/goat/test_topic_io.py -> /home/grape4314/isaac_ros2/install/goat/lib/python3.10/site-packages/goat
[0.627s] copying /home/grape4314/isaac_ros2/build/goat/build/lib/goat/__init__.py -> /home/grape4314/isaac_ros2/install/goat/lib/python3.10/site-packages/goat
[0.627s] byte-compiling /home/grape4314/isaac_ros2/install/goat/lib/python3.10/site-packages/goat/test_topic_io.py to test_topic_io.cpython-310.pyc
[0.629s] byte-compiling /home/grape4314/isaac_ros2/install/goat/lib/python3.10/site-packages/goat/__init__.py to __init__.cpython-310.pyc
[0.630s] running install_data
[0.630s] creating /home/grape4314/isaac_ros2/install/goat/share/ament_index
[0.630s] creating /home/grape4314/isaac_ros2/install/goat/share/ament_index/resource_index
[0.631s] creating /home/grape4314/isaac_ros2/install/goat/share/ament_index/resource_index/packages
[0.631s] error: can't copy 'resource/goat': doesn't exist or not a regular file
[0.645s] Invoked command in '/home/grape4314/isaac_ros2/src/goat' returned '1': PYTHONPATH=/home/grape4314/isaac_ros2/build/goat/prefix_override:/usr/lib/python3/dist-packages/colcon_core/task/python/colcon_distutils_commands:/home/grape4314/isaac_ros2/install/goat/lib/python3.10/site-packages:${PYTHONPATH} /usr/bin/python3 -W ignore:setup.py install is deprecated -W ignore:easy_install command is deprecated setup.py egg_info --egg-base ../../build/goat build --build-base /home/grape4314/isaac_ros2/build/goat/build install --record /home/grape4314/isaac_ros2/build/goat/install.log --single-version-externally-managed install_data
