running egg_info
writing ../../build/goat/goat.egg-info/PKG-INFO
writing dependency_links to ../../build/goat/goat.egg-info/dependency_links.txt
writing entry points to ../../build/goat/goat.egg-info/entry_points.txt
writing requirements to ../../build/goat/goat.egg-info/requires.txt
writing top-level names to ../../build/goat/goat.egg-info/top_level.txt
reading manifest file '../../build/goat/goat.egg-info/SOURCES.txt'
writing manifest file '../../build/goat/goat.egg-info/SOURCES.txt'
running build
running build_py
running install
running install_lib
running install_data
copying resource/goat -> /home/grape4314/isaac_ros2/install/goat/share/ament_index/resource_index/packages
copying package.xml -> /home/grape4314/isaac_ros2/install/goat/share/goat
running install_egg_info
Copying ../../build/goat/goat.egg-info to /home/grape4314/isaac_ros2/install/goat/lib/python3.10/site-packages/goat-0.0.0-py3.10.egg-info
running install_scripts
Installing test_topic_io script to /home/grape4314/isaac_ros2/install/goat/lib/goat
writing list of installed files to '/home/grape4314/isaac_ros2/build/goat/install.log'
